2021-01-18 18:35:12.492 [main] INFO  com.example.scripttest.ScripttestApplication - Starting ScripttestApplication using Java 9.0.4 on LAPTOP-8JN8NDRQ with PID 9156 (D:\IdeaProjects\scripttest\target\classes started by HP in D:\IdeaProjects\scripttest)
2021-01-18 18:35:12.492 [main] INFO  com.example.scripttest.ScripttestApplication - No active profile set, falling back to default profiles: default
2021-01-18 18:35:12.976 [main] INFO  o.s.boot.web.embedded.tomcat.TomcatWebServer - Tomcat initialized with port(s): 8080 (http)
2021-01-18 18:35:12.992 [main] INFO  org.apache.catalina.core.StandardService - Starting service [Tomcat]
2021-01-18 18:35:12.992 [main] INFO  org.apache.catalina.core.StandardEngine - Starting Servlet engine: [Apache Tomcat/9.0.41]
2021-01-18 18:35:13.039 [main] INFO  o.a.c.core.ContainerBase.[Tomcat].[localhost].[/] - Initializing Spring embedded WebApplicationContext
2021-01-18 18:35:13.039 [main] INFO  o.s.b.w.s.c.ServletWebServerApplicationContext - Root WebApplicationContext: initialization completed in 516 ms
2021-01-18 18:35:13.148 [main] INFO  o.s.scheduling.concurrent.ThreadPoolTaskExecutor - Initializing ExecutorService 'applicationTaskExecutor'
2021-01-18 18:35:13.242 [main] INFO  o.s.boot.web.embedded.tomcat.TomcatWebServer - Tomcat started on port(s): 8080 (http) with context path ''
2021-01-18 18:35:13.242 [main] INFO  com.example.scripttest.ScripttestApplication - Started ScripttestApplication in 1.043 seconds (JVM running for 1.948)
2021-01-18 18:36:04.439 [http-nio-8080-exec-1] INFO  o.a.c.core.ContainerBase.[Tomcat].[localhost].[/] - Initializing Spring DispatcherServlet 'dispatcherServlet'
2021-01-18 18:36:04.439 [http-nio-8080-exec-1] INFO  org.springframework.web.servlet.DispatcherServlet - Initializing Servlet 'dispatcherServlet'
2021-01-18 18:36:04.440 [http-nio-8080-exec-1] INFO  org.springframework.web.servlet.DispatcherServlet - Completed initialization in 1 ms
2021-01-18 18:36:04.450 [http-nio-8080-exec-1] INFO  com.example.scripttest.service.Sleep - begin: 2021-01-18 18:36:04
2021-01-18 18:36:04.451 [http-nio-8080-exec-1] INFO  com.example.scripttest.service.Sleep - hello: 2021-01-18 18:36:04
2021-01-18 18:36:14.453 [http-nio-8080-exec-1] INFO  com.example.scripttest.service.Sleep - hello: 2021-01-18 18:36:04
2021-01-18 18:36:24.469 [http-nio-8080-exec-1] INFO  com.example.scripttest.service.Sleep - hello: 2021-01-18 18:36:04
2021-01-18 18:36:34.484 [http-nio-8080-exec-1] INFO  com.example.scripttest.service.Sleep - hello: 2021-01-18 18:36:04
2021-01-18 18:36:40.560 [main] INFO  com.example.scripttest.ScripttestApplication - Starting ScripttestApplication using Java 9.0.4 on LAPTOP-8JN8NDRQ with PID 12352 (D:\IdeaProjects\scripttest\target\classes started by HP in D:\IdeaProjects\scripttest)
2021-01-18 18:36:40.560 [main] INFO  com.example.scripttest.ScripttestApplication - No active profile set, falling back to default profiles: default
2021-01-18 18:36:40.998 [main] INFO  o.s.boot.web.embedded.tomcat.TomcatWebServer - Tomcat initialized with port(s): 8080 (http)
2021-01-18 18:36:40.998 [main] INFO  org.apache.catalina.core.StandardService - Starting service [Tomcat]
2021-01-18 18:36:40.998 [main] INFO  org.apache.catalina.core.StandardEngine - Starting Servlet engine: [Apache Tomcat/9.0.41]
2021-01-18 18:36:41.045 [main] INFO  o.a.c.core.ContainerBase.[Tomcat].[localhost].[/] - Initializing Spring embedded WebApplicationContext
2021-01-18 18:36:41.045 [main] INFO  o.s.b.w.s.c.ServletWebServerApplicationContext - Root WebApplicationContext: initialization completed in 469 ms
2021-01-18 18:36:41.123 [main] INFO  o.s.scheduling.concurrent.ThreadPoolTaskExecutor - Initializing ExecutorService 'applicationTaskExecutor'
2021-01-18 18:36:41.201 [main] INFO  o.s.boot.web.embedded.tomcat.TomcatWebServer - Tomcat started on port(s): 8080 (http) with context path ''
2021-01-18 18:36:41.216 [main] INFO  com.example.scripttest.ScripttestApplication - Started ScripttestApplication in 0.925 seconds (JVM running for 1.849)
2021-01-18 18:37:10.302 [main] INFO  com.example.scripttest.ScripttestApplication - Starting ScripttestApplication using Java 9.0.4 on LAPTOP-8JN8NDRQ with PID 1444 (D:\IdeaProjects\scripttest\target\classes started by HP in D:\IdeaProjects\scripttest)
2021-01-18 18:37:10.302 [main] INFO  com.example.scripttest.ScripttestApplication - No active profile set, falling back to default profiles: default
2021-01-18 18:37:10.755 [main] INFO  o.s.boot.web.embedded.tomcat.TomcatWebServer - Tomcat initialized with port(s): 8080 (http)
2021-01-18 18:37:10.755 [main] INFO  org.apache.catalina.core.StandardService - Starting service [Tomcat]
2021-01-18 18:37:10.755 [main] INFO  org.apache.catalina.core.StandardEngine - Starting Servlet engine: [Apache Tomcat/9.0.41]
2021-01-18 18:37:10.802 [main] INFO  o.a.c.core.ContainerBase.[Tomcat].[localhost].[/] - Initializing Spring embedded WebApplicationContext
2021-01-18 18:37:10.802 [main] INFO  o.s.b.w.s.c.ServletWebServerApplicationContext - Root WebApplicationContext: initialization completed in 469 ms
2021-01-18 18:37:10.880 [main] INFO  o.s.scheduling.concurrent.ThreadPoolTaskExecutor - Initializing ExecutorService 'applicationTaskExecutor'
2021-01-18 18:37:10.958 [main] INFO  o.s.boot.web.embedded.tomcat.TomcatWebServer - Tomcat started on port(s): 8080 (http) with context path ''
2021-01-18 18:37:10.974 [main] INFO  com.example.scripttest.ScripttestApplication - Started ScripttestApplication in 0.959 seconds (JVM running for 1.723)
2021-01-18 18:37:22.292 [http-nio-8080-exec-1] INFO  o.a.c.core.ContainerBase.[Tomcat].[localhost].[/] - Initializing Spring DispatcherServlet 'dispatcherServlet'
2021-01-18 18:37:22.292 [http-nio-8080-exec-1] INFO  org.springframework.web.servlet.DispatcherServlet - Initializing Servlet 'dispatcherServlet'
2021-01-18 18:37:22.293 [http-nio-8080-exec-1] INFO  org.springframework.web.servlet.DispatcherServlet - Completed initialization in 1 ms
2021-01-18 18:37:22.303 [http-nio-8080-exec-1] INFO  com.example.scripttest.service.Sleep - begin: 2021-01-18 18:37:22
2021-01-18 18:37:22.303 [http-nio-8080-exec-1] INFO  com.example.scripttest.service.Sleep - hello: 2021-01-18 18:37:22
2021-01-18 18:37:32.304 [http-nio-8080-exec-1] INFO  com.example.scripttest.service.Sleep - hello: 2021-01-18 18:37:22
2021-01-18 18:44:16.929 [main] INFO  com.example.scripttest.ScripttestApplication - Starting ScripttestApplication using Java 9.0.4 on LAPTOP-8JN8NDRQ with PID 6632 (D:\IdeaProjects\scripttest\target\classes started by HP in D:\IdeaProjects\scripttest)
2021-01-18 18:44:16.931 [main] INFO  com.example.scripttest.ScripttestApplication - No active profile set, falling back to default profiles: default
2021-01-18 18:44:17.389 [main] INFO  o.s.boot.web.embedded.tomcat.TomcatWebServer - Tomcat initialized with port(s): 8080 (http)
2021-01-18 18:44:17.394 [main] INFO  org.apache.catalina.core.StandardService - Starting service [Tomcat]
2021-01-18 18:44:17.395 [main] INFO  org.apache.catalina.core.StandardEngine - Starting Servlet engine: [Apache Tomcat/9.0.41]
2021-01-18 18:44:17.446 [main] INFO  o.a.c.core.ContainerBase.[Tomcat].[localhost].[/] - Initializing Spring embedded WebApplicationContext
2021-01-18 18:44:17.446 [main] INFO  o.s.b.w.s.c.ServletWebServerApplicationContext - Root WebApplicationContext: initialization completed in 489 ms
2021-01-18 18:44:17.532 [main] INFO  o.s.scheduling.concurrent.ThreadPoolTaskExecutor - Initializing ExecutorService 'applicationTaskExecutor'
2021-01-18 18:44:17.619 [main] INFO  o.s.boot.web.embedded.tomcat.TomcatWebServer - Tomcat started on port(s): 8080 (http) with context path ''
2021-01-18 18:44:17.626 [main] INFO  com.example.scripttest.ScripttestApplication - Started ScripttestApplication in 0.956 seconds (JVM running for 1.746)
2021-01-18 18:44:20.687 [http-nio-8080-exec-1] INFO  o.a.c.core.ContainerBase.[Tomcat].[localhost].[/] - Initializing Spring DispatcherServlet 'dispatcherServlet'
2021-01-18 18:44:20.687 [http-nio-8080-exec-1] INFO  org.springframework.web.servlet.DispatcherServlet - Initializing Servlet 'dispatcherServlet'
2021-01-18 18:44:20.688 [http-nio-8080-exec-1] INFO  org.springframework.web.servlet.DispatcherServlet - Completed initialization in 1 ms
2021-01-18 18:44:20.697 [http-nio-8080-exec-1] INFO  com.example.scripttest.service.Sleep - begin: 2021-01-18 18:44:20
2021-01-18 18:44:20.697 [http-nio-8080-exec-1] INFO  com.example.scripttest.service.Sleep - hello: 2021-01-18 18:44:20
2021-01-18 18:44:52.294 [main] INFO  com.example.scripttest.ScripttestApplication - Starting ScripttestApplication using Java 9.0.4 on LAPTOP-8JN8NDRQ with PID 14136 (D:\IdeaProjects\scripttest\target\classes started by HP in D:\IdeaProjects\scripttest)
2021-01-18 18:44:52.296 [main] INFO  com.example.scripttest.ScripttestApplication - No active profile set, falling back to default profiles: default
2021-01-18 18:44:52.751 [main] INFO  o.s.boot.web.embedded.tomcat.TomcatWebServer - Tomcat initialized with port(s): 8080 (http)
2021-01-18 18:44:52.756 [main] INFO  org.apache.catalina.core.StandardService - Starting service [Tomcat]
2021-01-18 18:44:52.756 [main] INFO  org.apache.catalina.core.StandardEngine - Starting Servlet engine: [Apache Tomcat/9.0.41]
2021-01-18 18:44:52.805 [main] INFO  o.a.c.core.ContainerBase.[Tomcat].[localhost].[/] - Initializing Spring embedded WebApplicationContext
2021-01-18 18:44:52.805 [main] INFO  o.s.b.w.s.c.ServletWebServerApplicationContext - Root WebApplicationContext: initialization completed in 479 ms
2021-01-18 18:44:52.908 [main] INFO  o.s.scheduling.concurrent.ThreadPoolTaskExecutor - Initializing ExecutorService 'applicationTaskExecutor'
2021-01-18 18:44:52.997 [main] INFO  o.s.boot.web.embedded.tomcat.TomcatWebServer - Tomcat started on port(s): 8080 (http) with context path ''
2021-01-18 18:44:53.004 [main] INFO  com.example.scripttest.ScripttestApplication - Started ScripttestApplication in 0.972 seconds (JVM running for 1.745)
2021-01-18 18:45:15.388 [http-nio-8080-exec-1] INFO  o.a.c.core.ContainerBase.[Tomcat].[localhost].[/] - Initializing Spring DispatcherServlet 'dispatcherServlet'
2021-01-18 18:45:15.388 [http-nio-8080-exec-1] INFO  org.springframework.web.servlet.DispatcherServlet - Initializing Servlet 'dispatcherServlet'
2021-01-18 18:45:15.389 [http-nio-8080-exec-1] INFO  org.springframework.web.servlet.DispatcherServlet - Completed initialization in 0 ms
2021-01-18 18:45:15.408 [task-1] INFO  com.example.scripttest.service.Sleep - begin: 2021-01-18 18:45:15
2021-01-18 18:45:15.408 [task-1] INFO  com.example.scripttest.service.Sleep - hello: 2021-01-18 18:45:15
2021-01-18 18:45:25.420 [task-1] INFO  com.example.scripttest.service.Sleep - hello: 2021-01-18 18:45:15
2021-01-18 18:45:35.428 [task-1] INFO  com.example.scripttest.service.Sleep - hello: 2021-01-18 18:45:15
2021-01-18 18:45:45.442 [task-1] INFO  com.example.scripttest.service.Sleep - hello: 2021-01-18 18:45:15
2021-01-18 18:45:55.456 [task-1] INFO  com.example.scripttest.service.Sleep - hello: 2021-01-18 18:45:15
2021-01-18 18:46:05.457 [task-1] INFO  com.example.scripttest.service.Sleep - hello: 2021-01-18 18:45:15
2021-01-18 18:46:15.462 [task-1] INFO  com.example.scripttest.service.Sleep - hello: 2021-01-18 18:45:15
2021-01-18 18:46:25.475 [task-1] INFO  com.example.scripttest.service.Sleep - hello: 2021-01-18 18:45:15
2021-01-18 18:46:35.487 [task-1] INFO  com.example.scripttest.service.Sleep - hello: 2021-01-18 18:45:15
2021-01-18 18:46:45.494 [task-1] INFO  com.example.scripttest.service.Sleep - hello: 2021-01-18 18:45:15
2021-01-18 18:46:55.504 [task-1] INFO  com.example.scripttest.service.Sleep - hello: 2021-01-18 18:45:15
2021-01-18 18:47:05.510 [task-1] INFO  com.example.scripttest.service.Sleep - hello: 2021-01-18 18:45:15
2021-01-18 18:47:15.523 [task-1] INFO  com.example.scripttest.service.Sleep - hello: 2021-01-18 18:45:15
2021-01-18 18:47:25.537 [task-1] INFO  com.example.scripttest.service.Sleep - hello: 2021-01-18 18:45:15
2021-01-18 18:47:35.551 [task-1] INFO  com.example.scripttest.service.Sleep - hello: 2021-01-18 18:45:15
2021-01-18 18:47:45.552 [task-1] INFO  com.example.scripttest.service.Sleep - hello: 2021-01-18 18:45:15
2021-01-18 18:47:55.566 [task-1] INFO  com.example.scripttest.service.Sleep - hello: 2021-01-18 18:45:15
2021-01-18 18:48:05.571 [task-1] INFO  com.example.scripttest.service.Sleep - hello: 2021-01-18 18:45:15
2021-01-18 18:48:15.576 [task-1] INFO  com.example.scripttest.service.Sleep - hello: 2021-01-18 18:45:15
2021-01-18 18:48:25.579 [task-1] INFO  com.example.scripttest.service.Sleep - hello: 2021-01-18 18:45:15
2021-01-18 18:48:35.579 [task-1] INFO  com.example.scripttest.service.Sleep - hello: 2021-01-18 18:45:15
2021-01-18 18:48:45.591 [task-1] INFO  com.example.scripttest.service.Sleep - hello: 2021-01-18 18:45:15
2021-01-18 18:48:55.602 [task-1] INFO  com.example.scripttest.service.Sleep - hello: 2021-01-18 18:45:15
2021-01-18 18:49:05.614 [task-1] INFO  com.example.scripttest.service.Sleep - hello: 2021-01-18 18:45:15
2021-01-18 18:49:15.616 [task-1] INFO  com.example.scripttest.service.Sleep - hello: 2021-01-18 18:45:15
2021-01-18 18:49:25.627 [task-1] INFO  com.example.scripttest.service.Sleep - hello: 2021-01-18 18:45:15
2021-01-18 18:49:35.637 [task-1] INFO  com.example.scripttest.service.Sleep - hello: 2021-01-18 18:45:15
2021-01-18 18:49:45.652 [task-1] INFO  com.example.scripttest.service.Sleep - hello: 2021-01-18 18:45:15
2021-01-18 18:49:55.656 [task-1] INFO  com.example.scripttest.service.Sleep - hello: 2021-01-18 18:45:15
2021-01-18 18:50:05.662 [task-1] INFO  com.example.scripttest.service.Sleep - hello: 2021-01-18 18:45:15
2021-01-18 18:50:15.665 [task-1] INFO  com.example.scripttest.service.Sleep - hello: 2021-01-18 18:45:15
2021-01-18 18:50:25.678 [task-1] INFO  com.example.scripttest.service.Sleep - hello: 2021-01-18 18:45:15
2021-01-18 18:50:35.691 [task-1] INFO  com.example.scripttest.service.Sleep - hello: 2021-01-18 18:45:15
2021-01-18 18:50:45.705 [task-1] INFO  com.example.scripttest.service.Sleep - hello: 2021-01-18 18:45:15
2021-01-18 18:50:55.710 [task-1] INFO  com.example.scripttest.service.Sleep - hello: 2021-01-18 18:45:15
2021-01-18 18:51:05.716 [task-1] INFO  com.example.scripttest.service.Sleep - hello: 2021-01-18 18:45:15
2021-01-18 18:51:15.720 [task-1] INFO  com.example.scripttest.service.Sleep - hello: 2021-01-18 18:45:15
2021-01-18 18:51:25.726 [task-1] INFO  com.example.scripttest.service.Sleep - hello: 2021-01-18 18:45:15
2021-01-18 18:51:35.740 [task-1] INFO  com.example.scripttest.service.Sleep - hello: 2021-01-18 18:45:15
2021-01-18 18:51:45.755 [task-1] INFO  com.example.scripttest.service.Sleep - hello: 2021-01-18 18:45:15
2021-01-18 18:51:55.771 [task-1] INFO  com.example.scripttest.service.Sleep - hello: 2021-01-18 18:45:15
2021-01-18 18:52:05.785 [task-1] INFO  com.example.scripttest.service.Sleep - hello: 2021-01-18 18:45:15
2021-01-18 18:52:15.795 [task-1] INFO  com.example.scripttest.service.Sleep - hello: 2021-01-18 18:45:15
2021-01-18 18:52:25.809 [task-1] INFO  com.example.scripttest.service.Sleep - hello: 2021-01-18 18:45:15
2021-01-18 18:52:35.810 [task-1] INFO  com.example.scripttest.service.Sleep - hello: 2021-01-18 18:45:15
2021-01-18 18:52:45.810 [task-1] INFO  com.example.scripttest.service.Sleep - hello: 2021-01-18 18:45:15
2021-01-18 18:59:54.628 [main] INFO  com.example.scripttest.ScripttestApplication - Starting ScripttestApplication using Java 9.0.4 on LAPTOP-8JN8NDRQ with PID 12892 (D:\IdeaProjects\scripttest\target\classes started by HP in D:\IdeaProjects\scripttest)
2021-01-18 18:59:54.630 [main] INFO  com.example.scripttest.ScripttestApplication - No active profile set, falling back to default profiles: default
2021-01-18 18:59:55.121 [main] INFO  o.s.boot.web.embedded.tomcat.TomcatWebServer - Tomcat initialized with port(s): 8080 (http)
2021-01-18 18:59:55.127 [main] INFO  org.apache.catalina.core.StandardService - Starting service [Tomcat]
2021-01-18 18:59:55.128 [main] INFO  org.apache.catalina.core.StandardEngine - Starting Servlet engine: [Apache Tomcat/9.0.41]
2021-01-18 18:59:55.183 [main] INFO  o.a.c.core.ContainerBase.[Tomcat].[localhost].[/] - Initializing Spring embedded WebApplicationContext
2021-01-18 18:59:55.183 [main] INFO  o.s.b.w.s.c.ServletWebServerApplicationContext - Root WebApplicationContext: initialization completed in 521 ms
2021-01-18 18:59:55.282 [main] INFO  o.s.scheduling.concurrent.ThreadPoolTaskExecutor - Initializing ExecutorService 'applicationTaskExecutor'
2021-01-18 18:59:55.374 [main] INFO  o.s.boot.web.embedded.tomcat.TomcatWebServer - Tomcat started on port(s): 8080 (http) with context path ''
2021-01-18 18:59:55.381 [main] INFO  com.example.scripttest.ScripttestApplication - Started ScripttestApplication in 1.019 seconds (JVM running for 1.805)
2021-01-18 18:59:58.788 [http-nio-8080-exec-1] INFO  o.a.c.core.ContainerBase.[Tomcat].[localhost].[/] - Initializing Spring DispatcherServlet 'dispatcherServlet'
2021-01-18 18:59:58.789 [http-nio-8080-exec-1] INFO  org.springframework.web.servlet.DispatcherServlet - Initializing Servlet 'dispatcherServlet'
2021-01-18 18:59:58.790 [http-nio-8080-exec-1] INFO  org.springframework.web.servlet.DispatcherServlet - Completed initialization in 0 ms
2021-01-18 18:59:58.807 [task-1] INFO  com.example.scripttest.service.Sleep - begin: 2021-01-18 18:59:58
2021-01-18 18:59:58.807 [task-1] INFO  com.example.scripttest.service.Sleep - hello: 2021-01-18 18:59:58
2021-01-18 19:00:08.817 [task-1] INFO  com.example.scripttest.service.Sleep - hello: 2021-01-18 18:59:58
2021-01-18 19:00:18.822 [task-1] INFO  com.example.scripttest.service.Sleep - hello: 2021-01-18 18:59:58
2021-01-18 19:00:28.838 [task-1] INFO  com.example.scripttest.service.Sleep - hello: 2021-01-18 18:59:58
2021-01-18 19:00:38.838 [task-1] INFO  com.example.scripttest.service.Sleep - hello: 2021-01-18 18:59:58
2021-01-18 19:00:48.838 [task-1] INFO  com.example.scripttest.service.Sleep - hello: 2021-01-18 18:59:58
2021-01-18 19:00:58.850 [task-1] INFO  com.example.scripttest.service.Sleep - hello: 2021-01-18 18:59:58
2021-01-18 19:01:08.855 [task-1] INFO  com.example.scripttest.service.Sleep - hello: 2021-01-18 18:59:58
2021-01-18 19:01:18.870 [task-1] INFO  com.example.scripttest.service.Sleep - hello: 2021-01-18 18:59:58
2021-01-18 19:01:28.881 [task-1] INFO  com.example.scripttest.service.Sleep - hello: 2021-01-18 18:59:58
2021-01-18 19:01:38.892 [task-1] INFO  com.example.scripttest.service.Sleep - end: 2021-01-18 19:01:38
2021-01-18 19:02:56.133 [main] INFO  com.example.scripttest.ScripttestApplication - Starting ScripttestApplication using Java 9.0.4 on LAPTOP-8JN8NDRQ with PID 1416 (D:\IdeaProjects\scripttest\target\classes started by HP in D:\IdeaProjects\scripttest)
2021-01-18 19:02:56.135 [main] INFO  com.example.scripttest.ScripttestApplication - No active profile set, falling back to default profiles: default
2021-01-18 19:02:56.613 [main] INFO  o.s.boot.web.embedded.tomcat.TomcatWebServer - Tomcat initialized with port(s): 8080 (http)
2021-01-18 19:02:56.618 [main] INFO  org.apache.catalina.core.StandardService - Starting service [Tomcat]
2021-01-18 19:02:56.619 [main] INFO  org.apache.catalina.core.StandardEngine - Starting Servlet engine: [Apache Tomcat/9.0.41]
2021-01-18 19:02:56.669 [main] INFO  o.a.c.core.ContainerBase.[Tomcat].[localhost].[/] - Initializing Spring embedded WebApplicationContext
2021-01-18 19:02:56.669 [main] INFO  o.s.b.w.s.c.ServletWebServerApplicationContext - Root WebApplicationContext: initialization completed in 498 ms
2021-01-18 19:02:56.770 [main] INFO  o.s.scheduling.concurrent.ThreadPoolTaskExecutor - Initializing ExecutorService 'applicationTaskExecutor'
2021-01-18 19:02:56.862 [main] INFO  o.s.boot.web.embedded.tomcat.TomcatWebServer - Tomcat started on port(s): 8080 (http) with context path ''
2021-01-18 19:02:56.870 [main] INFO  com.example.scripttest.ScripttestApplication - Started ScripttestApplication in 0.99 seconds (JVM running for 1.766)
2021-01-18 19:03:01.254 [http-nio-8080-exec-1] INFO  o.a.c.core.ContainerBase.[Tomcat].[localhost].[/] - Initializing Spring DispatcherServlet 'dispatcherServlet'
2021-01-18 19:03:01.255 [http-nio-8080-exec-1] INFO  org.springframework.web.servlet.DispatcherServlet - Initializing Servlet 'dispatcherServlet'
2021-01-18 19:03:01.255 [http-nio-8080-exec-1] INFO  org.springframework.web.servlet.DispatcherServlet - Completed initialization in 0 ms
2021-01-18 19:03:01.276 [task-1] INFO  com.example.scripttest.service.Sleep - begin: 2021-01-18 19:03:01
2021-01-18 19:03:01.276 [task-1] INFO  com.example.scripttest.service.Sleep - hello: 2021-01-18 19:03:01
2021-01-18 19:03:11.289 [task-1] INFO  com.example.scripttest.service.Sleep - hello: 2021-01-18 19:03:01
2021-01-18 19:03:21.299 [task-1] INFO  com.example.scripttest.service.Sleep - end: 2021-01-18 19:03:21
2021-01-18 19:03:38.984 [main] INFO  com.example.scripttest.ScripttestApplication - Starting ScripttestApplication using Java 9.0.4 on LAPTOP-8JN8NDRQ with PID 12912 (D:\IdeaProjects\scripttest\target\classes started by HP in D:\IdeaProjects\scripttest)
2021-01-18 19:03:38.986 [main] INFO  com.example.scripttest.ScripttestApplication - No active profile set, falling back to default profiles: default
2021-01-18 19:03:39.462 [main] INFO  o.s.boot.web.embedded.tomcat.TomcatWebServer - Tomcat initialized with port(s): 8080 (http)
2021-01-18 19:03:39.467 [main] INFO  org.apache.catalina.core.StandardService - Starting service [Tomcat]
2021-01-18 19:03:39.467 [main] INFO  org.apache.catalina.core.StandardEngine - Starting Servlet engine: [Apache Tomcat/9.0.41]
2021-01-18 19:03:39.517 [main] INFO  o.a.c.core.ContainerBase.[Tomcat].[localhost].[/] - Initializing Spring embedded WebApplicationContext
2021-01-18 19:03:39.517 [main] INFO  o.s.b.w.s.c.ServletWebServerApplicationContext - Root WebApplicationContext: initialization completed in 498 ms
2021-01-18 19:03:39.606 [main] INFO  o.s.scheduling.concurrent.ThreadPoolTaskExecutor - Initializing ExecutorService 'applicationTaskExecutor'
2021-01-18 19:03:39.699 [main] INFO  o.s.boot.web.embedded.tomcat.TomcatWebServer - Tomcat started on port(s): 8080 (http) with context path ''
2021-01-18 19:03:39.706 [main] INFO  com.example.scripttest.ScripttestApplication - Started ScripttestApplication in 0.982 seconds (JVM running for 1.755)
2021-01-18 19:03:43.131 [http-nio-8080-exec-1] INFO  o.a.c.core.ContainerBase.[Tomcat].[localhost].[/] - Initializing Spring DispatcherServlet 'dispatcherServlet'
2021-01-18 19:03:43.131 [http-nio-8080-exec-1] INFO  org.springframework.web.servlet.DispatcherServlet - Initializing Servlet 'dispatcherServlet'
2021-01-18 19:03:43.132 [http-nio-8080-exec-1] INFO  org.springframework.web.servlet.DispatcherServlet - Completed initialization in 1 ms
2021-01-18 19:03:43.141 [http-nio-8080-exec-1] INFO  com.example.scripttest.service.Sleep - begin: 2021-01-18 19:03:43
2021-01-18 19:03:43.141 [http-nio-8080-exec-1] INFO  com.example.scripttest.service.Sleep - hello: 2021-01-18 19:03:43
2021-01-18 19:03:53.155 [http-nio-8080-exec-1] INFO  com.example.scripttest.service.Sleep - hello: 2021-01-18 19:03:43
2021-01-18 19:04:03.166 [http-nio-8080-exec-1] INFO  com.example.scripttest.service.Sleep - end: 2021-01-18 19:04:03
2021-01-18 19:10:03.283 [main] INFO  com.example.scripttest.ScripttestApplication - Starting ScripttestApplication using Java 9.0.4 on LAPTOP-8JN8NDRQ with PID 16044 (D:\IdeaProjects\scripttest\target\classes started by HP in D:\IdeaProjects\scripttest)
2021-01-18 19:10:03.285 [main] INFO  com.example.scripttest.ScripttestApplication - No active profile set, falling back to default profiles: default
2021-01-18 19:10:03.744 [main] INFO  o.s.boot.web.embedded.tomcat.TomcatWebServer - Tomcat initialized with port(s): 8080 (http)
2021-01-18 19:10:03.749 [main] INFO  org.apache.catalina.core.StandardService - Starting service [Tomcat]
2021-01-18 19:10:03.749 [main] INFO  org.apache.catalina.core.StandardEngine - Starting Servlet engine: [Apache Tomcat/9.0.41]
2021-01-18 19:10:03.797 [main] INFO  o.a.c.core.ContainerBase.[Tomcat].[localhost].[/] - Initializing Spring embedded WebApplicationContext
2021-01-18 19:10:03.798 [main] INFO  o.s.b.w.s.c.ServletWebServerApplicationContext - Root WebApplicationContext: initialization completed in 478 ms
2021-01-18 19:10:03.899 [main] INFO  o.s.scheduling.concurrent.ThreadPoolTaskExecutor - Initializing ExecutorService 'applicationTaskExecutor'
2021-01-18 19:10:03.986 [main] INFO  o.s.boot.web.embedded.tomcat.TomcatWebServer - Tomcat started on port(s): 8080 (http) with context path ''
2021-01-18 19:10:03.993 [main] INFO  com.example.scripttest.ScripttestApplication - Started ScripttestApplication in 0.962 seconds (JVM running for 1.743)
2021-01-18 19:10:24.168 [http-nio-8080-exec-1] INFO  o.a.c.core.ContainerBase.[Tomcat].[localhost].[/] - Initializing Spring DispatcherServlet 'dispatcherServlet'
2021-01-18 19:10:24.168 [http-nio-8080-exec-1] INFO  org.springframework.web.servlet.DispatcherServlet - Initializing Servlet 'dispatcherServlet'
2021-01-18 19:10:24.168 [http-nio-8080-exec-1] INFO  org.springframework.web.servlet.DispatcherServlet - Completed initialization in 0 ms
2021-01-18 19:10:24.186 [task-1] INFO  com.example.scripttest.service.Sleep - begin: 2021-01-18 19:10:24
2021-01-18 19:10:24.187 [task-1] INFO  com.example.scripttest.service.Sleep - hello: 2021-01-18 19:10:24
2021-01-18 19:10:34.197 [task-1] INFO  com.example.scripttest.service.Sleep - hello: 2021-01-18 19:10:24
2021-01-18 19:10:44.208 [task-1] INFO  com.example.scripttest.service.Sleep - end: 2021-01-18 19:10:44
2021-01-18 19:12:59.154 [main] INFO  com.example.scripttest.ScripttestApplication - Starting ScripttestApplication using Java 9.0.4 on LAPTOP-8JN8NDRQ with PID 12380 (D:\IdeaProjects\scripttest\target\classes started by HP in D:\IdeaProjects\scripttest)
2021-01-18 19:12:59.155 [main] INFO  com.example.scripttest.ScripttestApplication - No active profile set, falling back to default profiles: default
2021-01-18 19:12:59.620 [main] INFO  o.s.boot.web.embedded.tomcat.TomcatWebServer - Tomcat initialized with port(s): 8080 (http)
2021-01-18 19:12:59.625 [main] INFO  org.apache.catalina.core.StandardService - Starting service [Tomcat]
2021-01-18 19:12:59.625 [main] INFO  org.apache.catalina.core.StandardEngine - Starting Servlet engine: [Apache Tomcat/9.0.41]
2021-01-18 19:12:59.675 [main] INFO  o.a.c.core.ContainerBase.[Tomcat].[localhost].[/] - Initializing Spring embedded WebApplicationContext
2021-01-18 19:12:59.675 [main] INFO  o.s.b.w.s.c.ServletWebServerApplicationContext - Root WebApplicationContext: initialization completed in 486 ms
2021-01-18 19:12:59.774 [main] INFO  o.s.scheduling.concurrent.ThreadPoolTaskExecutor - Initializing ExecutorService 'applicationTaskExecutor'
2021-01-18 19:12:59.859 [main] INFO  o.s.boot.web.embedded.tomcat.TomcatWebServer - Tomcat started on port(s): 8080 (http) with context path ''
2021-01-18 19:12:59.866 [main] INFO  com.example.scripttest.ScripttestApplication - Started ScripttestApplication in 0.965 seconds (JVM running for 1.734)
2021-01-18 19:13:17.037 [http-nio-8080-exec-1] INFO  o.a.c.core.ContainerBase.[Tomcat].[localhost].[/] - Initializing Spring DispatcherServlet 'dispatcherServlet'
2021-01-18 19:13:17.037 [http-nio-8080-exec-1] INFO  org.springframework.web.servlet.DispatcherServlet - Initializing Servlet 'dispatcherServlet'
2021-01-18 19:13:17.037 [http-nio-8080-exec-1] INFO  org.springframework.web.servlet.DispatcherServlet - Completed initialization in 0 ms
2021-01-18 19:13:17.057 [task-1] INFO  com.example.scripttest.service.Sleep - begin: 2021-01-18 19:13:17
2021-01-18 19:13:17.057 [task-1] INFO  com.example.scripttest.service.Sleep - hello: 2021-01-18 19:13:17
2021-01-18 19:13:27.061 [task-1] INFO  com.example.scripttest.service.Sleep - hello: 2021-01-18 19:13:17
2021-01-18 19:13:37.073 [task-1] INFO  com.example.scripttest.service.Sleep - end: 2021-01-18 19:13:37
2021-01-18 19:15:24.904 [main] INFO  com.example.scripttest.ScripttestApplication - Starting ScripttestApplication using Java 9.0.4 on LAPTOP-8JN8NDRQ with PID 13388 (D:\IdeaProjects\scripttest\target\classes started by HP in D:\IdeaProjects\scripttest)
2021-01-18 19:15:24.906 [main] INFO  com.example.scripttest.ScripttestApplication - No active profile set, falling back to default profiles: default
2021-01-18 19:15:25.368 [main] INFO  o.s.boot.web.embedded.tomcat.TomcatWebServer - Tomcat initialized with port(s): 8080 (http)
2021-01-18 19:15:25.373 [main] INFO  org.apache.catalina.core.StandardService - Starting service [Tomcat]
2021-01-18 19:15:25.374 [main] INFO  org.apache.catalina.core.StandardEngine - Starting Servlet engine: [Apache Tomcat/9.0.41]
2021-01-18 19:15:25.423 [main] INFO  o.a.c.core.ContainerBase.[Tomcat].[localhost].[/] - Initializing Spring embedded WebApplicationContext
2021-01-18 19:15:25.423 [main] INFO  o.s.b.w.s.c.ServletWebServerApplicationContext - Root WebApplicationContext: initialization completed in 480 ms
2021-01-18 19:15:25.522 [main] INFO  o.s.scheduling.concurrent.ThreadPoolTaskExecutor - Initializing ExecutorService 'applicationTaskExecutor'
2021-01-18 19:15:25.610 [main] INFO  o.s.boot.web.embedded.tomcat.TomcatWebServer - Tomcat started on port(s): 8080 (http) with context path ''
2021-01-18 19:15:25.618 [main] INFO  com.example.scripttest.ScripttestApplication - Started ScripttestApplication in 0.971 seconds (JVM running for 1.737)
2021-01-18 19:15:49.136 [http-nio-8080-exec-1] INFO  o.a.c.core.ContainerBase.[Tomcat].[localhost].[/] - Initializing Spring DispatcherServlet 'dispatcherServlet'
2021-01-18 19:15:49.136 [http-nio-8080-exec-1] INFO  org.springframework.web.servlet.DispatcherServlet - Initializing Servlet 'dispatcherServlet'
2021-01-18 19:15:49.137 [http-nio-8080-exec-1] INFO  org.springframework.web.servlet.DispatcherServlet - Completed initialization in 0 ms
2021-01-18 19:15:49.155 [task-1] INFO  com.example.scripttest.service.Sleep - begin: 2021-01-18 19:15:49
2021-01-18 19:15:49.155 [task-1] INFO  com.example.scripttest.service.Sleep - hello: 2021-01-18 19:15:49
2021-01-18 19:15:59.158 [task-1] INFO  com.example.scripttest.service.Sleep - hello: 2021-01-18 19:15:49
2021-01-18 19:16:09.172 [task-1] INFO  com.example.scripttest.service.Sleep - end: 2021-01-18 19:16:09
2021-01-18 19:22:59.801 [main] INFO  com.example.scripttest.ScripttestApplication - Starting ScripttestApplication using Java 9.0.4 on LAPTOP-8JN8NDRQ with PID 13984 (D:\IdeaProjects\scripttest\target\classes started by HP in D:\IdeaProjects\scripttest)
2021-01-18 19:22:59.803 [main] INFO  com.example.scripttest.ScripttestApplication - No active profile set, falling back to default profiles: default
2021-01-18 19:23:00.277 [main] INFO  o.s.boot.web.embedded.tomcat.TomcatWebServer - Tomcat initialized with port(s): 8080 (http)
2021-01-18 19:23:00.282 [main] INFO  org.apache.catalina.core.StandardService - Starting service [Tomcat]
2021-01-18 19:23:00.282 [main] INFO  org.apache.catalina.core.StandardEngine - Starting Servlet engine: [Apache Tomcat/9.0.41]
2021-01-18 19:23:00.332 [main] INFO  o.a.c.core.ContainerBase.[Tomcat].[localhost].[/] - Initializing Spring embedded WebApplicationContext
2021-01-18 19:23:00.332 [main] INFO  o.s.b.w.s.c.ServletWebServerApplicationContext - Root WebApplicationContext: initialization completed in 496 ms
2021-01-18 19:23:00.417 [main] INFO  o.s.scheduling.concurrent.ThreadPoolTaskExecutor - Initializing ExecutorService 'applicationTaskExecutor'
2021-01-18 19:23:00.504 [main] INFO  o.s.boot.web.embedded.tomcat.TomcatWebServer - Tomcat started on port(s): 8080 (http) with context path ''
2021-01-18 19:23:00.511 [main] INFO  com.example.scripttest.ScripttestApplication - Started ScripttestApplication in 0.988 seconds (JVM running for 1.755)
2021-01-18 19:23:04.829 [http-nio-8080-exec-1] INFO  o.a.c.core.ContainerBase.[Tomcat].[localhost].[/] - Initializing Spring DispatcherServlet 'dispatcherServlet'
2021-01-18 19:23:04.830 [http-nio-8080-exec-1] INFO  org.springframework.web.servlet.DispatcherServlet - Initializing Servlet 'dispatcherServlet'
2021-01-18 19:23:04.830 [http-nio-8080-exec-1] INFO  org.springframework.web.servlet.DispatcherServlet - Completed initialization in 0 ms
2021-01-18 19:23:04.839 [http-nio-8080-exec-1] INFO  com.example.scripttest.service.Sleep - begin: 2021-01-18 19:23:04
2021-01-18 19:23:04.840 [http-nio-8080-exec-1] INFO  com.example.scripttest.service.Sleep - hello: 2021-01-18 19:23:04
2021-01-18 19:23:14.852 [http-nio-8080-exec-1] INFO  com.example.scripttest.service.Sleep - hello: 2021-01-18 19:23:04
2021-01-18 19:23:24.854 [http-nio-8080-exec-1] INFO  com.example.scripttest.service.Sleep - end: 2021-01-18 19:23:24
2021-01-18 19:27:51.969 [main] INFO  com.example.scripttest.ScripttestApplication - Starting ScripttestApplication using Java 9.0.4 on LAPTOP-8JN8NDRQ with PID 6948 (D:\IdeaProjects\scripttest\target\classes started by HP in D:\IdeaProjects\scripttest)
2021-01-18 19:27:51.971 [main] INFO  com.example.scripttest.ScripttestApplication - No active profile set, falling back to default profiles: default
2021-01-18 19:27:52.453 [main] INFO  o.s.boot.web.embedded.tomcat.TomcatWebServer - Tomcat initialized with port(s): 8080 (http)
2021-01-18 19:27:52.458 [main] INFO  org.apache.catalina.core.StandardService - Starting service [Tomcat]
2021-01-18 19:27:52.458 [main] INFO  org.apache.catalina.core.StandardEngine - Starting Servlet engine: [Apache Tomcat/9.0.41]
2021-01-18 19:27:52.508 [main] INFO  o.a.c.core.ContainerBase.[Tomcat].[localhost].[/] - Initializing Spring embedded WebApplicationContext
2021-01-18 19:27:52.508 [main] INFO  o.s.b.w.s.c.ServletWebServerApplicationContext - Root WebApplicationContext: initialization completed in 505 ms
2021-01-18 19:27:52.607 [main] INFO  o.s.scheduling.concurrent.ThreadPoolTaskExecutor - Initializing ExecutorService 'applicationTaskExecutor'
2021-01-18 19:27:52.694 [main] INFO  o.s.boot.web.embedded.tomcat.TomcatWebServer - Tomcat started on port(s): 8080 (http) with context path ''
2021-01-18 19:27:52.701 [main] INFO  com.example.scripttest.ScripttestApplication - Started ScripttestApplication in 0.998 seconds (JVM running for 1.762)
2021-01-18 19:27:58.983 [http-nio-8080-exec-1] INFO  o.a.c.core.ContainerBase.[Tomcat].[localhost].[/] - Initializing Spring DispatcherServlet 'dispatcherServlet'
2021-01-18 19:27:58.983 [http-nio-8080-exec-1] INFO  org.springframework.web.servlet.DispatcherServlet - Initializing Servlet 'dispatcherServlet'
2021-01-18 19:27:58.984 [http-nio-8080-exec-1] INFO  org.springframework.web.servlet.DispatcherServlet - Completed initialization in 1 ms
2021-01-18 19:27:59.002 [task-1] INFO  com.example.scripttest.service.Sleep - begin: 2021-01-18 19:27:59
2021-01-18 19:27:59.002 [task-1] INFO  com.example.scripttest.service.Sleep - hello: 2021-01-18 19:27:59
2021-01-18 19:28:09.014 [task-1] INFO  com.example.scripttest.service.Sleep - hello: 2021-01-18 19:27:59
2021-01-18 19:28:19.022 [task-1] INFO  com.example.scripttest.service.Sleep - end: 2021-01-18 19:28:19
2021-01-18 19:40:02.686 [main] INFO  com.example.scripttest.ScripttestApplication - Starting ScripttestApplication using Java 9.0.4 on LAPTOP-8JN8NDRQ with PID 11956 (D:\IdeaProjects\scripttest\target\classes started by HP in D:\IdeaProjects\scripttest)
2021-01-18 19:40:02.686 [main] INFO  com.example.scripttest.ScripttestApplication - No active profile set, falling back to default profiles: default
2021-01-18 19:40:03.154 [main] INFO  o.s.boot.web.embedded.tomcat.TomcatWebServer - Tomcat initialized with port(s): 8080 (http)
2021-01-18 19:40:03.170 [main] INFO  org.apache.catalina.core.StandardService - Starting service [Tomcat]
2021-01-18 19:40:03.170 [main] INFO  org.apache.catalina.core.StandardEngine - Starting Servlet engine: [Apache Tomcat/9.0.41]
2021-01-18 19:40:03.217 [main] INFO  o.a.c.core.ContainerBase.[Tomcat].[localhost].[/] - Initializing Spring embedded WebApplicationContext
2021-01-18 19:40:03.217 [main] INFO  o.s.b.w.s.c.ServletWebServerApplicationContext - Root WebApplicationContext: initialization completed in 500 ms
2021-01-18 19:40:03.295 [main] INFO  o.s.scheduling.concurrent.ThreadPoolTaskExecutor - Initializing ExecutorService 'applicationTaskExecutor'
2021-01-18 19:40:03.389 [main] INFO  o.s.boot.web.embedded.tomcat.TomcatWebServer - Tomcat started on port(s): 8080 (http) with context path ''
2021-01-18 19:40:03.389 [main] INFO  com.example.scripttest.ScripttestApplication - Started ScripttestApplication in 0.967 seconds (JVM running for 1.746)
2021-01-18 19:40:09.395 [http-nio-8080-exec-1] INFO  o.a.c.core.ContainerBase.[Tomcat].[localhost].[/] - Initializing Spring DispatcherServlet 'dispatcherServlet'
2021-01-18 19:40:09.395 [http-nio-8080-exec-1] INFO  org.springframework.web.servlet.DispatcherServlet - Initializing Servlet 'dispatcherServlet'
2021-01-18 19:40:09.396 [http-nio-8080-exec-1] INFO  org.springframework.web.servlet.DispatcherServlet - Completed initialization in 0 ms
2021-01-18 19:40:09.406 [http-nio-8080-exec-1] INFO  com.example.scripttest.service.Sleep - begin: 2021-01-18 19:40:09
2021-01-18 19:40:09.406 [http-nio-8080-exec-1] INFO  com.example.scripttest.service.Sleep - hello: 2021-01-18 19:40:09
2021-01-18 19:40:19.409 [http-nio-8080-exec-1] INFO  com.example.scripttest.service.Sleep - end: 2021-01-18 19:40:19
2021-01-18 19:42:26.899 [main] INFO  com.example.scripttest.ScripttestApplication - Starting ScripttestApplication using Java 9.0.4 on LAPTOP-8JN8NDRQ with PID 15276 (D:\IdeaProjects\scripttest\target\classes started by HP in D:\IdeaProjects\scripttest)
2021-01-18 19:42:26.899 [main] INFO  com.example.scripttest.ScripttestApplication - No active profile set, falling back to default profiles: default
2021-01-18 19:42:27.368 [main] INFO  o.s.boot.web.embedded.tomcat.TomcatWebServer - Tomcat initialized with port(s): 8080 (http)
2021-01-18 19:42:27.368 [main] INFO  org.apache.catalina.core.StandardService - Starting service [Tomcat]
2021-01-18 19:42:27.368 [main] INFO  org.apache.catalina.core.StandardEngine - Starting Servlet engine: [Apache Tomcat/9.0.41]
2021-01-18 19:42:27.415 [main] INFO  o.a.c.core.ContainerBase.[Tomcat].[localhost].[/] - Initializing Spring embedded WebApplicationContext
2021-01-18 19:42:27.415 [main] INFO  o.s.b.w.s.c.ServletWebServerApplicationContext - Root WebApplicationContext: initialization completed in 485 ms
2021-01-18 19:42:27.509 [main] INFO  o.s.scheduling.concurrent.ThreadPoolTaskExecutor - Initializing ExecutorService 'applicationTaskExecutor'
2021-01-18 19:42:27.602 [main] INFO  o.s.boot.web.embedded.tomcat.TomcatWebServer - Tomcat started on port(s): 8080 (http) with context path ''
2021-01-18 19:42:27.602 [main] INFO  com.example.scripttest.ScripttestApplication - Started ScripttestApplication in 0.976 seconds (JVM running for 1.741)
2021-01-18 19:42:32.720 [http-nio-8080-exec-1] INFO  o.a.c.core.ContainerBase.[Tomcat].[localhost].[/] - Initializing Spring DispatcherServlet 'dispatcherServlet'
2021-01-18 19:42:32.720 [http-nio-8080-exec-1] INFO  org.springframework.web.servlet.DispatcherServlet - Initializing Servlet 'dispatcherServlet'
2021-01-18 19:42:32.720 [http-nio-8080-exec-1] INFO  org.springframework.web.servlet.DispatcherServlet - Completed initialization in 0 ms
2021-01-18 19:42:32.730 [http-nio-8080-exec-1] INFO  com.example.scripttest.service.Sleep - begin: 2021-01-18 19:42:32
2021-01-18 19:42:32.732 [http-nio-8080-exec-1] INFO  com.example.scripttest.service.Sleep - end: 2021-01-18 19:42:32
2021-01-18 19:42:32.739 [task-1] INFO  com.example.scripttest.service.Sleep - hello: 2021-01-18 19:42:32
2021-01-18 19:42:52.693 [main] INFO  com.example.scripttest.ScripttestApplication - Starting ScripttestApplication using Java 9.0.4 on LAPTOP-8JN8NDRQ with PID 12228 (D:\IdeaProjects\scripttest\target\classes started by HP in D:\IdeaProjects\scripttest)
2021-01-18 19:42:52.709 [main] INFO  com.example.scripttest.ScripttestApplication - No active profile set, falling back to default profiles: default
2021-01-18 19:42:53.178 [main] INFO  o.s.boot.web.embedded.tomcat.TomcatWebServer - Tomcat initialized with port(s): 8080 (http)
2021-01-18 19:42:53.178 [main] INFO  org.apache.catalina.core.StandardService - Starting service [Tomcat]
2021-01-18 19:42:53.178 [main] INFO  org.apache.catalina.core.StandardEngine - Starting Servlet engine: [Apache Tomcat/9.0.41]
2021-01-18 19:42:53.224 [main] INFO  o.a.c.core.ContainerBase.[Tomcat].[localhost].[/] - Initializing Spring embedded WebApplicationContext
2021-01-18 19:42:53.224 [main] INFO  o.s.b.w.s.c.ServletWebServerApplicationContext - Root WebApplicationContext: initialization completed in 484 ms
2021-01-18 19:42:53.334 [main] INFO  o.s.scheduling.concurrent.ThreadPoolTaskExecutor - Initializing ExecutorService 'applicationTaskExecutor'
2021-01-18 19:42:53.412 [main] INFO  o.s.boot.web.embedded.tomcat.TomcatWebServer - Tomcat started on port(s): 8080 (http) with context path ''
2021-01-18 19:42:53.428 [main] INFO  com.example.scripttest.ScripttestApplication - Started ScripttestApplication in 0.976 seconds (JVM running for 1.75)
2021-01-18 19:43:06.103 [http-nio-8080-exec-1] INFO  o.a.c.core.ContainerBase.[Tomcat].[localhost].[/] - Initializing Spring DispatcherServlet 'dispatcherServlet'
2021-01-18 19:43:06.103 [http-nio-8080-exec-1] INFO  org.springframework.web.servlet.DispatcherServlet - Initializing Servlet 'dispatcherServlet'
2021-01-18 19:43:06.104 [http-nio-8080-exec-1] INFO  org.springframework.web.servlet.DispatcherServlet - Completed initialization in 1 ms
2021-01-18 19:43:06.113 [http-nio-8080-exec-1] INFO  com.example.scripttest.service.Sleep - begin: 2021-01-18 19:43:06
2021-01-18 19:43:06.115 [http-nio-8080-exec-1] INFO  com.example.scripttest.service.Sleep - end: 2021-01-18 19:43:06
2021-01-18 19:43:06.121 [task-1] INFO  com.example.scripttest.service.Sleep - hello: 2021-01-18 19:43:06
2021-01-18 19:43:16.130 [task-1] INFO  com.example.scripttest.service.Sleep - hello: 2021-01-18 19:43:06
2021-01-18 19:43:26.144 [task-1] INFO  com.example.scripttest.service.Sleep - hello: 2021-01-18 19:43:06
2021-01-18 19:43:36.149 [task-1] INFO  com.example.scripttest.service.Sleep - hello: 2021-01-18 19:43:06
2021-01-18 19:43:46.151 [task-1] INFO  com.example.scripttest.service.Sleep - hello: 2021-01-18 19:43:06
